<?xml version="1.0" encoding="UTF-8"?>
<coverage generated="1644118853765" clover="3.2.0">
  <project timestamp="1644118853765" name="All files">
    <metrics statements="34" coveredstatements="34" conditionals="14" coveredconditionals="14" methods="3" coveredmethods="3" elements="51" coveredelements="51" complexity="0" loc="34" ncloc="34" packages="1" files="1" classes="1"/>
    <file name="fizbuzz.js" path="/media/alex/Docs/Workspace/fizzbuzz/fizbuzz.js">
      <metrics statements="34" coveredstatements="34" conditionals="14" coveredconditionals="14" methods="3" coveredmethods="3"/>
      <line num="1" count="21" type="cond" truecount="1" falsecount="0"/>
      <line num="2" count="21" type="cond" truecount="1" falsecount="0"/>
      <line num="3" count="1" type="stmt"/>
      <line num="4" count="1" type="cond" truecount="1" falsecount="0"/>
      <line num="5" count="20" type="stmt"/>
      <line num="6" count="20" type="cond" truecount="1" falsecount="0"/>
      <line num="7" count="20" type="stmt"/>
      <line num="8" count="21" type="cond" truecount="1" falsecount="0"/>
      <line num="9" count="1" type="stmt"/>
      <line num="10" count="1" type="stmt"/>
      <line num="11" count="21" type="cond" truecount="2" falsecount="0"/>
      <line num="12" count="2" type="stmt"/>
      <line num="13" count="2" type="cond" truecount="1" falsecount="0"/>
      <line num="14" count="21" type="cond" truecount="1" falsecount="0"/>
      <line num="15" count="5" type="stmt"/>
      <line num="16" count="5" type="cond" truecount="1" falsecount="0"/>
      <line num="17" count="12" type="stmt"/>
      <line num="18" count="21" type="cond" truecount="1" falsecount="0"/>
      <line num="19" count="3" type="stmt"/>
      <line num="20" count="3" type="cond" truecount="1" falsecount="0"/>
      <line num="21" count="9" type="stmt"/>
      <line num="22" count="9" type="stmt"/>
      <line num="23" count="1" type="stmt"/>
      <line num="24" count="1" type="cond" truecount="1" falsecount="0"/>
      <line num="25" count="1" type="cond" truecount="1" falsecount="0"/>
      <line num="26" count="16" type="stmt"/>
      <line num="27" count="16" type="stmt"/>
      <line num="28" count="1" type="stmt"/>
      <line num="29" count="1" type="stmt"/>
      <line num="30" count="1" type="stmt"/>
      <line num="31" count="1" type="stmt"/>
      <line num="32" count="1" type="stmt"/>
      <line num="33" count="1" type="stmt"/>
      <line num="34" count="1" type="stmt"/>
    </file>
  </project>
</coverage>
