{"/media/alex/Docs/Workspace/fizzbuzz/fizbuzz.js": {"path":"/media/alex/Docs/Workspace/fizzbuzz/fizbuzz.js","all":false,"statementMap":{"0":{"start":{"line":1,"column":0},"end":{"line":1,"column":24}},"1":{"start":{"line":2,"column":0},"end":{"line":2,"column":31}},"2":{"start":{"line":3,"column":0},"end":{"line":3,"column":50}},"3":{"start":{"line":4,"column":0},"end":{"line":4,"column":4}},"4":{"start":{"line":5,"column":0},"end":{"line":5,"column":0}},"5":{"start":{"line":6,"column":0},"end":{"line":6,"column":58}},"6":{"start":{"line":7,"column":0},"end":{"line":7,"column":0}},"7":{"start":{"line":8,"column":0},"end":{"line":8,"column":18}},"8":{"start":{"line":9,"column":0},"end":{"line":9,"column":15}},"9":{"start":{"line":10,"column":0},"end":{"line":10,"column":3}},"10":{"start":{"line":11,"column":0},"end":{"line":11,"column":27}},"11":{"start":{"line":12,"column":0},"end":{"line":12,"column":22}},"12":{"start":{"line":13,"column":0},"end":{"line":13,"column":4}},"13":{"start":{"line":14,"column":0},"end":{"line":14,"column":26}},"14":{"start":{"line":15,"column":0},"end":{"line":15,"column":18}},"15":{"start":{"line":16,"column":0},"end":{"line":16,"column":4}},"16":{"start":{"line":17,"column":0},"end":{"line":17,"column":0}},"17":{"start":{"line":18,"column":0},"end":{"line":18,"column":26}},"18":{"start":{"line":19,"column":0},"end":{"line":19,"column":18}},"19":{"start":{"line":20,"column":0},"end":{"line":20,"column":4}},"20":{"start":{"line":21,"column":0},"end":{"line":21,"column":13}},"21":{"start":{"line":22,"column":0},"end":{"line":22,"column":2}},"22":{"start":{"line":23,"column":0},"end":{"line":23,"column":0}},"23":{"start":{"line":24,"column":0},"end":{"line":24,"column":25}},"24":{"start":{"line":25,"column":0},"end":{"line":25,"column":37}},"25":{"start":{"line":26,"column":0},"end":{"line":26,"column":40}},"26":{"start":{"line":27,"column":0},"end":{"line":27,"column":3}},"27":{"start":{"line":28,"column":0},"end":{"line":28,"column":2}},"28":{"start":{"line":29,"column":0},"end":{"line":29,"column":0}},"29":{"start":{"line":30,"column":0},"end":{"line":30,"column":10}},"30":{"start":{"line":31,"column":0},"end":{"line":31,"column":0}},"31":{"start":{"line":32,"column":0},"end":{"line":32,"column":18}},"32":{"start":{"line":33,"column":0},"end":{"line":33,"column":11}},"33":{"start":{"line":34,"column":0},"end":{"line":34,"column":1}}},"s":{"0":21,"1":21,"2":1,"3":1,"4":20,"5":20,"6":20,"7":21,"8":1,"9":1,"10":21,"11":2,"12":2,"13":21,"14":5,"15":5,"16":12,"17":21,"18":3,"19":3,"20":9,"21":9,"22":1,"23":1,"24":1,"25":16,"26":16,"27":1,"28":1,"29":1,"30":1,"31":1,"32":1,"33":1},"branchMap":{"0":{"type":"branch","line":1,"loc":{"start":{"line":1,"column":0},"end":{"line":22,"column":2}},"locations":[{"start":{"line":1,"column":0},"end":{"line":22,"column":2}}]},"1":{"type":"branch","line":2,"loc":{"start":{"line":2,"column":30},"end":{"line":4,"column":4}},"locations":[{"start":{"line":2,"column":30},"end":{"line":4,"column":4}}]},"2":{"type":"branch","line":4,"loc":{"start":{"line":4,"column":3},"end":{"line":8,"column":6}},"locations":[{"start":{"line":4,"column":3},"end":{"line":8,"column":6}}]},"3":{"type":"branch","line":8,"loc":{"start":{"line":8,"column":17},"end":{"line":10,"column":3}},"locations":[{"start":{"line":8,"column":17},"end":{"line":10,"column":3}}]},"4":{"type":"branch","line":11,"loc":{"start":{"line":11,"column":-1},"end":{"line":11,"column":6}},"locations":[{"start":{"line":11,"column":-1},"end":{"line":11,"column":6}}]},"5":{"type":"branch","line":11,"loc":{"start":{"line":11,"column":26},"end":{"line":13,"column":4}},"locations":[{"start":{"line":11,"column":26},"end":{"line":13,"column":4}}]},"6":{"type":"branch","line":13,"loc":{"start":{"line":13,"column":3},"end":{"line":14,"column":6}},"locations":[{"start":{"line":13,"column":3},"end":{"line":14,"column":6}}]},"7":{"type":"branch","line":14,"loc":{"start":{"line":14,"column":25},"end":{"line":16,"column":4}},"locations":[{"start":{"line":14,"column":25},"end":{"line":16,"column":4}}]},"8":{"type":"branch","line":16,"loc":{"start":{"line":16,"column":3},"end":{"line":18,"column":6}},"locations":[{"start":{"line":16,"column":3},"end":{"line":18,"column":6}}]},"9":{"type":"branch","line":18,"loc":{"start":{"line":18,"column":25},"end":{"line":20,"column":4}},"locations":[{"start":{"line":18,"column":25},"end":{"line":20,"column":4}}]},"10":{"type":"branch","line":20,"loc":{"start":{"line":20,"column":3},"end":{"line":22,"column":2}},"locations":[{"start":{"line":20,"column":3},"end":{"line":22,"column":2}}]},"11":{"type":"branch","line":6,"loc":{"start":{"line":6,"column":20},"end":{"line":6,"column":58}},"locations":[{"start":{"line":6,"column":20},"end":{"line":6,"column":58}}]},"12":{"type":"branch","line":24,"loc":{"start":{"line":24,"column":0},"end":{"line":28,"column":2}},"locations":[{"start":{"line":24,"column":0},"end":{"line":28,"column":2}}]},"13":{"type":"branch","line":25,"loc":{"start":{"line":25,"column":36},"end":{"line":27,"column":3}},"locations":[{"start":{"line":25,"column":36},"end":{"line":27,"column":3}}]}},"b":{"0":[21],"1":[1],"2":[20],"3":[1],"4":[19],"5":[2],"6":[17],"7":[5],"8":[12],"9":[3],"10":[9],"11":[48],"12":[1],"13":[16]},"fnMap":{"0":{"name":"fizzbuzz","decl":{"start":{"line":1,"column":0},"end":{"line":22,"column":2}},"loc":{"start":{"line":1,"column":0},"end":{"line":22,"column":2}},"line":1},"1":{"name":"divisible","decl":{"start":{"line":6,"column":20},"end":{"line":6,"column":58}},"loc":{"start":{"line":6,"column":20},"end":{"line":6,"column":58}},"line":6},"2":{"name":"print","decl":{"start":{"line":24,"column":0},"end":{"line":28,"column":2}},"loc":{"start":{"line":24,"column":0},"end":{"line":28,"column":2}},"line":24}},"f":{"0":21,"1":48,"2":1}}
}
