TN:
SF:fizbuzz.js
FN:1,fizzbuzz
FN:6,divisible
FN:24,print
FNF:3
FNH:3
FNDA:21,fizzbuzz
FNDA:48,divisible
FNDA:1,print
DA:1,21
DA:2,21
DA:3,1
DA:4,1
DA:5,20
DA:6,20
DA:7,20
DA:8,21
DA:9,1
DA:10,1
DA:11,21
DA:12,2
DA:13,2
DA:14,21
DA:15,5
DA:16,5
DA:17,12
DA:18,21
DA:19,3
DA:20,3
DA:21,9
DA:22,9
DA:23,1
DA:24,1
DA:25,1
DA:26,16
DA:27,16
DA:28,1
DA:29,1
DA:30,1
DA:31,1
DA:32,1
DA:33,1
DA:34,1
LF:34
LH:34
BRDA:1,0,0,21
BRDA:2,1,0,1
BRDA:4,2,0,20
BRDA:8,3,0,1
BRDA:11,4,0,19
BRDA:11,5,0,2
BRDA:13,6,0,17
BRDA:14,7,0,5
BRDA:16,8,0,12
BRDA:18,9,0,3
BRDA:20,10,0,9
BRDA:6,11,0,48
BRDA:24,12,0,1
BRDA:25,13,0,16
BRF:14
BRH:14
end_of_record
